[+] Containers:
 |- [+] Container: /Game/maps/level01
 |   |- [+] ActorDescs:
 |   |   |- Guid:03E3401D481853823340F7A0DB6D1A0D BaseClass: NativeClass:/Script/Engine.StaticMeshActor Name:StaticMeshActor_1 Label:spawn_platform01 SpatiallyLoaded:1 Bounds:IsValid=true, Min=(X=0.000 Y=-1000.000 Z=-50.000), Max=(X=900.000 Y=-100.000 Z=0.000) RuntimeGrid:None EditorOnly:0 RuntimeOnly:0 HLODRelevant:1 ListedInSceneOutliner:1 IsMainWorldOnly:0 FolderPath:level01 FolderGuid:AD9341664BABA1317CC39BAFF2E64F86
 |   |   |- Guid:5988355A4684BF65B21A8B8BEE04A35A BaseClass: NativeClass:/Script/Engine.PostProcessVolume Name:PostProcessVolume_0 Label:PostProcessVolume SpatiallyLoaded:0 Bounds:IsValid=true, Min=(X=0.000 Y=0.000 Z=400.000), Max=(X=200.000 Y=200.000 Z=600.000) RuntimeGrid:None EditorOnly:0 RuntimeOnly:0 HLODRelevant:0 ListedInSceneOutliner:1 IsMainWorldOnly:0 FolderPath:Lighting FolderGuid:963EC3EB4002CCE9759E2EBA541A873A
 |   |   |- Guid:5B0A63614CA286D5E00E4C8AADAFE126 BaseClass: NativeClass:/Script/Engine.ExponentialHeightFog Name:ExponentialHeightFog_0 Label:ExponentialHeightFog SpatiallyLoaded:0 Bounds:IsValid=true, Min=(X=-5600.000 Y=-50.000 Z=-6850.000), Max=(X=-5600.000 Y=-50.000 Z=-6850.000) RuntimeGrid:None EditorOnly:0 RuntimeOnly:0 HLODRelevant:0 ListedInSceneOutliner:1 IsMainWorldOnly:0 FolderPath:Lighting FolderGuid:963EC3EB4002CCE9759E2EBA541A873A
 |   |   |- Guid:6010264E421C56969A360E9280C1E932 BaseClass:/Game/Blueprints/deathZone.deathZone_C NativeClass:/Script/Engine.Actor Name:deathZone_C_UAID_4CBB58F3DE4AAB4102_2014646231 Label:deathZone SpatiallyLoaded:1 Bounds:IsValid=true, Min=(X=-2904.000 Y=-3328.000 Z=-1032.000), Max=(X=2904.000 Y=3328.000 Z=-968.000) RuntimeGrid:None EditorOnly:0 RuntimeOnly:0 HLODRelevant:0 ListedInSceneOutliner:1 IsMainWorldOnly:0 FolderPath:level01 FolderGuid:AD9341664BABA1317CC39BAFF2E64F86
 |   |   |- Guid:6C474812496A1978B030A997DC65BF66 BaseClass: NativeClass:/Script/Engine.VolumetricCloud Name:VolumetricCloud_0 Label:VolumetricCloud SpatiallyLoaded:0 Bounds:IsValid=true, Min=(X=0.000 Y=0.000 Z=820.000), Max=(X=0.000 Y=0.000 Z=820.000) RuntimeGrid:None EditorOnly:0 RuntimeOnly:0 HLODRelevant:0 ListedInSceneOutliner:1 IsMainWorldOnly:0 FolderPath:Lighting FolderGuid:963EC3EB4002CCE9759E2EBA541A873A
 |   |   |- Guid:8564D9B7420504B822C9B7A34AE62F0C BaseClass: NativeClass:/Script/Engine.WorldDataLayers Name:WorldDataLayers Label:WorldDataLayers SpatiallyLoaded:0 Bounds:Invalid RuntimeGrid:None EditorOnly:0 RuntimeOnly:0 HLODRelevant:0 ListedInSceneOutliner:1 IsMainWorldOnly:1
 |   |   |- Guid:A0AF60D74FBEBF3320DC99A97160A53E BaseClass: NativeClass:/Script/Engine.PlayerStart Name:PlayerStart_UAID_4CBB58F3DE4AF84002_1393065727 Label:PlayerStart2 SpatiallyLoaded:0 Bounds:IsValid=true, Min=(X=430.000 Y=1730.000 Z=130.013), Max=(X=510.000 Y=1810.000 Z=314.013) RuntimeGrid:None EditorOnly:0 RuntimeOnly:0 HLODRelevant:0 ListedInSceneOutliner:1 IsMainWorldOnly:0 FolderPath:level01 FolderGuid:AD9341664BABA1317CC39BAFF2E64F86
 |   |   |- Guid:A4D497394482E5AAB9BBAA8884A52ED8 BaseClass: NativeClass:/Script/Engine.StaticMeshActor Name:StaticMeshActor_UAID_4CBB58F3DE4AAA4102_1662135055 Label:spawn_platform02 SpatiallyLoaded:1 Bounds:IsValid=true, Min=(X=0.000 Y=1000.000 Z=-50.000), Max=(X=900.000 Y=1900.000 Z=0.000) RuntimeGrid:None EditorOnly:0 RuntimeOnly:0 HLODRelevant:1 ListedInSceneOutliner:1 IsMainWorldOnly:0 FolderPath:level01 FolderGuid:AD9341664BABA1317CC39BAFF2E64F86
 |   |   |- Guid:AE8B1D884B6C6152126DCE8705E95106 BaseClass: NativeClass:/Script/Engine.PlayerStart Name:PlayerStart_0 Label:PlayerStart SpatiallyLoaded:0 Bounds:IsValid=true, Min=(X=410.000 Y=-630.000 Z=10.013), Max=(X=490.000 Y=-550.000 Z=194.013) RuntimeGrid:None EditorOnly:0 RuntimeOnly:0 HLODRelevant:0 ListedInSceneOutliner:1 IsMainWorldOnly:0 FolderPath:level01 FolderGuid:AD9341664BABA1317CC39BAFF2E64F86
 |   |   |- Guid:C0CEF120426DE15E493919AB0265655E BaseClass: NativeClass:/Script/Engine.SkyAtmosphere Name:SkyAtmosphere_0 Label:SkyAtmosphere SpatiallyLoaded:0 Bounds:IsValid=true, Min=(X=0.000 Y=0.000 Z=1020.000), Max=(X=0.000 Y=0.000 Z=1020.000) RuntimeGrid:None EditorOnly:0 RuntimeOnly:0 HLODRelevant:0 ListedInSceneOutliner:1 IsMainWorldOnly:0 FolderPath:Lighting FolderGuid:963EC3EB4002CCE9759E2EBA541A873A
 |   |   |- Guid:C2B584B44366B7464B4B6180521CDCE0 BaseClass: NativeClass:/Script/Engine.SkyLight Name:SkyLight_1 Label:SkyLight SpatiallyLoaded:0 Bounds:IsValid=true, Min=(X=0.000 Y=0.000 Z=690.000), Max=(X=0.000 Y=0.000 Z=690.000) RuntimeGrid:None EditorOnly:0 RuntimeOnly:0 HLODRelevant:0 ListedInSceneOutliner:1 IsMainWorldOnly:0 FolderPath:Lighting FolderGuid:963EC3EB4002CCE9759E2EBA541A873A
 |   |   |- Guid:DDDEEDAB4E0BA527B3C589A64BA5274B BaseClass: NativeClass:/Script/Engine.StaticMeshActor Name:StaticMeshActor_UAID_4CBB58F3DE4AAC4102_1510761408 Label:spawn_platform3 SpatiallyLoaded:1 Bounds:IsValid=true, Min=(X=0.000 Y=200.000 Z=0.000), Max=(X=900.000 Y=725.000 Z=50.000) RuntimeGrid:None EditorOnly:0 RuntimeOnly:0 HLODRelevant:1 ListedInSceneOutliner:1 IsMainWorldOnly:0 FolderPath:level01 FolderGuid:AD9341664BABA1317CC39BAFF2E64F86
 |   |   |- Guid:EC34382349034618FC442FA57F072BEE BaseClass: NativeClass:/Script/Engine.StaticMeshActor Name:StaticMeshActor_UAID_A4AE111137DC5EFB00_1110535423 Label:SM_SkySphere SpatiallyLoaded:0 Bounds:IsValid=true, Min=(X=-1703936.000 Y=-1638400.000 Z=-1638400.000), Max=(X=1703936.000 Y=1638400.000 Z=1638400.000) RuntimeGrid:None EditorOnly:0 RuntimeOnly:0 HLODRelevant:0 ListedInSceneOutliner:1 IsMainWorldOnly:0 FolderPath:Lighting FolderGuid:963EC3EB4002CCE9759E2EBA541A873A
 |   |   |- Guid:F9B5AB214C795EE91694F696D0CCE239 BaseClass: NativeClass:/Script/Engine.DirectionalLight Name:DirectionalLight_0 Label:DirectionalLight SpatiallyLoaded:0 Bounds:Invalid RuntimeGrid:None EditorOnly:0 RuntimeOnly:0 HLODRelevant:0 ListedInSceneOutliner:1 IsMainWorldOnly:0 FolderPath:Lighting FolderGuid:963EC3EB4002CCE9759E2EBA541A873A
 |   |- [+] Clusters:
 |   |   |- [+] [  0]
 |   |   |   |- Guid:03E3401D481853823340F7A0DB6D1A0D BaseClass: NativeClass:/Script/Engine.StaticMeshActor Name:StaticMeshActor_1 Label:spawn_platform01 SpatiallyLoaded:1 Bounds:IsValid=true, Min=(X=0.000 Y=-1000.000 Z=-50.000), Max=(X=900.000 Y=-100.000 Z=0.000) RuntimeGrid:None EditorOnly:0 RuntimeOnly:0 HLODRelevant:1 ListedInSceneOutliner:1 IsMainWorldOnly:0 FolderPath:level01 FolderGuid:AD9341664BABA1317CC39BAFF2E64F86
 |   |   |- [+] [  1]
 |   |   |   |- Guid:5988355A4684BF65B21A8B8BEE04A35A BaseClass: NativeClass:/Script/Engine.PostProcessVolume Name:PostProcessVolume_0 Label:PostProcessVolume SpatiallyLoaded:0 Bounds:IsValid=true, Min=(X=0.000 Y=0.000 Z=400.000), Max=(X=200.000 Y=200.000 Z=600.000) RuntimeGrid:None EditorOnly:0 RuntimeOnly:0 HLODRelevant:0 ListedInSceneOutliner:1 IsMainWorldOnly:0 FolderPath:Lighting FolderGuid:963EC3EB4002CCE9759E2EBA541A873A
 |   |   |- [+] [  2]
 |   |   |   |- Guid:5B0A63614CA286D5E00E4C8AADAFE126 BaseClass: NativeClass:/Script/Engine.ExponentialHeightFog Name:ExponentialHeightFog_0 Label:ExponentialHeightFog SpatiallyLoaded:0 Bounds:IsValid=true, Min=(X=-5600.000 Y=-50.000 Z=-6850.000), Max=(X=-5600.000 Y=-50.000 Z=-6850.000) RuntimeGrid:None EditorOnly:0 RuntimeOnly:0 HLODRelevant:0 ListedInSceneOutliner:1 IsMainWorldOnly:0 FolderPath:Lighting FolderGuid:963EC3EB4002CCE9759E2EBA541A873A
 |   |   |- [+] [  3]
 |   |   |   |- Guid:6010264E421C56969A360E9280C1E932 BaseClass:/Game/Blueprints/deathZone.deathZone_C NativeClass:/Script/Engine.Actor Name:deathZone_C_UAID_4CBB58F3DE4AAB4102_2014646231 Label:deathZone SpatiallyLoaded:1 Bounds:IsValid=true, Min=(X=-2904.000 Y=-3328.000 Z=-1032.000), Max=(X=2904.000 Y=3328.000 Z=-968.000) RuntimeGrid:None EditorOnly:0 RuntimeOnly:0 HLODRelevant:0 ListedInSceneOutliner:1 IsMainWorldOnly:0 FolderPath:level01 FolderGuid:AD9341664BABA1317CC39BAFF2E64F86
 |   |   |- [+] [  4]
 |   |   |   |- Guid:6C474812496A1978B030A997DC65BF66 BaseClass: NativeClass:/Script/Engine.VolumetricCloud Name:VolumetricCloud_0 Label:VolumetricCloud SpatiallyLoaded:0 Bounds:IsValid=true, Min=(X=0.000 Y=0.000 Z=820.000), Max=(X=0.000 Y=0.000 Z=820.000) RuntimeGrid:None EditorOnly:0 RuntimeOnly:0 HLODRelevant:0 ListedInSceneOutliner:1 IsMainWorldOnly:0 FolderPath:Lighting FolderGuid:963EC3EB4002CCE9759E2EBA541A873A
 |   |   |- [+] [  5]
 |   |   |   |- Guid:8564D9B7420504B822C9B7A34AE62F0C BaseClass: NativeClass:/Script/Engine.WorldDataLayers Name:WorldDataLayers Label:WorldDataLayers SpatiallyLoaded:0 Bounds:Invalid RuntimeGrid:None EditorOnly:0 RuntimeOnly:0 HLODRelevant:0 ListedInSceneOutliner:1 IsMainWorldOnly:1
 |   |   |- [+] [  6]
 |   |   |   |- Guid:A0AF60D74FBEBF3320DC99A97160A53E BaseClass: NativeClass:/Script/Engine.PlayerStart Name:PlayerStart_UAID_4CBB58F3DE4AF84002_1393065727 Label:PlayerStart2 SpatiallyLoaded:0 Bounds:IsValid=true, Min=(X=430.000 Y=1730.000 Z=130.013), Max=(X=510.000 Y=1810.000 Z=314.013) RuntimeGrid:None EditorOnly:0 RuntimeOnly:0 HLODRelevant:0 ListedInSceneOutliner:1 IsMainWorldOnly:0 FolderPath:level01 FolderGuid:AD9341664BABA1317CC39BAFF2E64F86
 |   |   |- [+] [  7]
 |   |   |   |- Guid:A4D497394482E5AAB9BBAA8884A52ED8 BaseClass: NativeClass:/Script/Engine.StaticMeshActor Name:StaticMeshActor_UAID_4CBB58F3DE4AAA4102_1662135055 Label:spawn_platform02 SpatiallyLoaded:1 Bounds:IsValid=true, Min=(X=0.000 Y=1000.000 Z=-50.000), Max=(X=900.000 Y=1900.000 Z=0.000) RuntimeGrid:None EditorOnly:0 RuntimeOnly:0 HLODRelevant:1 ListedInSceneOutliner:1 IsMainWorldOnly:0 FolderPath:level01 FolderGuid:AD9341664BABA1317CC39BAFF2E64F86
 |   |   |- [+] [  8]
 |   |   |   |- Guid:AE8B1D884B6C6152126DCE8705E95106 BaseClass: NativeClass:/Script/Engine.PlayerStart Name:PlayerStart_0 Label:PlayerStart SpatiallyLoaded:0 Bounds:IsValid=true, Min=(X=410.000 Y=-630.000 Z=10.013), Max=(X=490.000 Y=-550.000 Z=194.013) RuntimeGrid:None EditorOnly:0 RuntimeOnly:0 HLODRelevant:0 ListedInSceneOutliner:1 IsMainWorldOnly:0 FolderPath:level01 FolderGuid:AD9341664BABA1317CC39BAFF2E64F86
 |   |   |- [+] [  9]
 |   |   |   |- Guid:C0CEF120426DE15E493919AB0265655E BaseClass: NativeClass:/Script/Engine.SkyAtmosphere Name:SkyAtmosphere_0 Label:SkyAtmosphere SpatiallyLoaded:0 Bounds:IsValid=true, Min=(X=0.000 Y=0.000 Z=1020.000), Max=(X=0.000 Y=0.000 Z=1020.000) RuntimeGrid:None EditorOnly:0 RuntimeOnly:0 HLODRelevant:0 ListedInSceneOutliner:1 IsMainWorldOnly:0 FolderPath:Lighting FolderGuid:963EC3EB4002CCE9759E2EBA541A873A
 |   |   |- [+] [ 10]
 |   |   |   |- Guid:C2B584B44366B7464B4B6180521CDCE0 BaseClass: NativeClass:/Script/Engine.SkyLight Name:SkyLight_1 Label:SkyLight SpatiallyLoaded:0 Bounds:IsValid=true, Min=(X=0.000 Y=0.000 Z=690.000), Max=(X=0.000 Y=0.000 Z=690.000) RuntimeGrid:None EditorOnly:0 RuntimeOnly:0 HLODRelevant:0 ListedInSceneOutliner:1 IsMainWorldOnly:0 FolderPath:Lighting FolderGuid:963EC3EB4002CCE9759E2EBA541A873A
 |   |   |- [+] [ 11]
 |   |   |   |- Guid:DDDEEDAB4E0BA527B3C589A64BA5274B BaseClass: NativeClass:/Script/Engine.StaticMeshActor Name:StaticMeshActor_UAID_4CBB58F3DE4AAC4102_1510761408 Label:spawn_platform3 SpatiallyLoaded:1 Bounds:IsValid=true, Min=(X=0.000 Y=200.000 Z=0.000), Max=(X=900.000 Y=725.000 Z=50.000) RuntimeGrid:None EditorOnly:0 RuntimeOnly:0 HLODRelevant:1 ListedInSceneOutliner:1 IsMainWorldOnly:0 FolderPath:level01 FolderGuid:AD9341664BABA1317CC39BAFF2E64F86
 |   |   |- [+] [ 12]
 |   |   |   |- Guid:EC34382349034618FC442FA57F072BEE BaseClass: NativeClass:/Script/Engine.StaticMeshActor Name:StaticMeshActor_UAID_A4AE111137DC5EFB00_1110535423 Label:SM_SkySphere SpatiallyLoaded:0 Bounds:IsValid=true, Min=(X=-1703936.000 Y=-1638400.000 Z=-1638400.000), Max=(X=1703936.000 Y=1638400.000 Z=1638400.000) RuntimeGrid:None EditorOnly:0 RuntimeOnly:0 HLODRelevant:0 ListedInSceneOutliner:1 IsMainWorldOnly:0 FolderPath:Lighting FolderGuid:963EC3EB4002CCE9759E2EBA541A873A
 |   |   |- [+] [ 13]
 |   |   |   |- Guid:F9B5AB214C795EE91694F696D0CCE239 BaseClass: NativeClass:/Script/Engine.DirectionalLight Name:DirectionalLight_0 Label:DirectionalLight SpatiallyLoaded:0 Bounds:Invalid RuntimeGrid:None EditorOnly:0 RuntimeOnly:0 HLODRelevant:0 ListedInSceneOutliner:1 IsMainWorldOnly:0 FolderPath:Lighting FolderGuid:963EC3EB4002CCE9759E2EBA541A873A
 |- ContainerInstances:
 |- [+] MainContainer:
 |   |-        ID: 00000000000000000000000000000000
 |   |-  ParentID: 00000000000000000000000000000000
 |   |-    Bounds: IsValid=false, Min=(X=0.000 Y=0.000 Z=0.000), Max=(X=0.000 Y=0.000 Z=0.000)
 |   |- Transform: 0.000000,0.000000,0.000000|0.000000,0.000000,-0.000000|1.000000,1.000000,1.000000
 |   |- Container: /Game/maps/level01
----------------------------------------------------------------------------------------------------------------
level01 - Persistent Level
----------------------------------------------------------------------------------------------------------------
[+] Content of level01 Persistent Level
 |- Always loaded Actor Count: 14 
 |- Actor Path: /Game/maps/UEDPIE_0_level01.level01:PersistentLevel.deathZone_C_UAID_4CBB58F3DE4AAB4102_2014646231
 |- Actor Package: /Game/maps/UEDPIE_0_level01_InstanceOf_/Game/__ExternalActors__/maps/level01/8/35/CNRWLUHI8YEHHCHD8WQA56
 |- Actor Path: /Game/maps/UEDPIE_0_level01.level01:PersistentLevel.DirectionalLight_0
 |- Actor Package: /Game/maps/UEDPIE_0_level01_InstanceOf_/Game/__ExternalActors__/maps/level01/E/AB/EISO3E6NJJEJGJGLQD03UN
 |- Actor Path: /Game/maps/UEDPIE_0_level01.level01:PersistentLevel.ExponentialHeightFog_0
 |- Actor Package: /Game/maps/UEDPIE_0_level01_InstanceOf_/Game/__ExternalActors__/maps/level01/3/DM/SF430W6XSQGTILBLKWQEM5
 |- Actor Path: /Game/maps/UEDPIE_0_level01.level01:PersistentLevel.PlayerStart_0
 |- Actor Package: /Game/maps/UEDPIE_0_level01_InstanceOf_/Game/__ExternalActors__/maps/level01/8/4V/1W7WL7EVLB45TX7PJS6G7R
 |- Actor Path: /Game/maps/UEDPIE_0_level01.level01:PersistentLevel.PlayerStart_UAID_4CBB58F3DE4AF84002_1393065727
 |- Actor Package: /Game/maps/UEDPIE_0_level01_InstanceOf_/Game/__ExternalActors__/maps/level01/A/GI/ULD49RGG8G1B4D7IAGTI5O
 |- Actor Path: /Game/maps/UEDPIE_0_level01.level01:PersistentLevel.PostProcessVolume_0
 |- Actor Package: /Game/maps/UEDPIE_0_level01_InstanceOf_/Game/__ExternalActors__/maps/level01/8/EB/IX19VNMMARHOYFI7MEHBP6
 |- Actor Path: /Game/maps/UEDPIE_0_level01.level01:PersistentLevel.SkyAtmosphere_0
 |- Actor Package: /Game/maps/UEDPIE_0_level01_InstanceOf_/Game/__ExternalActors__/maps/level01/1/CX/I3AAZB6XA9CZ7977LXV3M6
 |- Actor Path: /Game/maps/UEDPIE_0_level01.level01:PersistentLevel.SkyLight_1
 |- Actor Package: /Game/maps/UEDPIE_0_level01_InstanceOf_/Game/__ExternalActors__/maps/level01/C/PS/OTXPWM2EM2O7TCI8U21JR3
 |- Actor Path: /Game/maps/UEDPIE_0_level01.level01:PersistentLevel.StaticMeshActor_1
 |- Actor Package: /Game/maps/UEDPIE_0_level01_InstanceOf_/Game/__ExternalActors__/maps/level01/B/8I/WVSECQCA3HG4CZ9OWIRV4A
 |- Actor Path: /Game/maps/UEDPIE_0_level01.level01:PersistentLevel.StaticMeshActor_UAID_4CBB58F3DE4AAA4102_1662135055
 |- Actor Package: /Game/maps/UEDPIE_0_level01_InstanceOf_/Game/__ExternalActors__/maps/level01/0/BY/KAED3Y83JLYSTJXOWWA981
 |- Actor Path: /Game/maps/UEDPIE_0_level01.level01:PersistentLevel.StaticMeshActor_UAID_4CBB58F3DE4AAC4102_1510761408
 |- Actor Package: /Game/maps/UEDPIE_0_level01_InstanceOf_/Game/__ExternalActors__/maps/level01/6/7W/77Q3P6AOU2BGTBJGOMN17G
 |- Actor Path: /Game/maps/UEDPIE_0_level01.level01:PersistentLevel.StaticMeshActor_UAID_A4AE111137DC5EFB00_1110535423
 |- Actor Package: /Game/maps/UEDPIE_0_level01_InstanceOf_/Game/__ExternalActors__/maps/level01/4/C7/P2FNG3E84JHXTJKR2BSSIN
 |- Actor Path: /Game/maps/UEDPIE_0_level01.level01:PersistentLevel.VolumetricCloud_0
 |- Actor Package: /Game/maps/UEDPIE_0_level01_InstanceOf_/Game/__ExternalActors__/maps/level01/2/4W/IDDGWW31UR2V6EDW1V1FHE
 |- Actor Path: /Game/maps/UEDPIE_0_level01.level01:PersistentLevel.WorldDataLayers
 |- Actor Package: /Game/maps/UEDPIE_0_level01_InstanceOf_/Game/__ExternalActors__/maps/level01/0/VV/EKDC69TU9IYT2HKL37OZTB

----------------------------------------------------------------------------------------------------------------
level01 - Runtime Hash Set
----------------------------------------------------------------------------------------------------------------

