[+] Containers:
 |- [+] Container: /Game/maps/lobby
 |   |- [+] ActorDescs:
 |   |   |- Guid:2AA42EF3405CC6A8A6974BBA0C380472 BaseClass: NativeClass:/Script/Engine.ExponentialHeightFog Name:ExponentialHeightFog_0 Label:ExponentialHeightFog SpatiallyLoaded:0 Bounds:IsValid=true, Min=(X=-5600.000 Y=-50.000 Z=-6850.000), Max=(X=-5600.000 Y=-50.000 Z=-6850.000) RuntimeGrid:None EditorOnly:0 RuntimeOnly:0 HLODRelevant:0 ListedInSceneOutliner:1 IsMainWorldOnly:0 FolderPath:Lighting FolderGuid:963EC3EB4002CCE9759E2EBA541A873A
 |   |   |- Guid:69252EF043A1AC22581C22B38923955B BaseClass: NativeClass:/Script/Engine.DirectionalLight Name:DirectionalLight_0 Label:DirectionalLight SpatiallyLoaded:0 Bounds:Invalid RuntimeGrid:None EditorOnly:0 RuntimeOnly:0 HLODRelevant:0 ListedInSceneOutliner:1 IsMainWorldOnly:0 FolderPath:Lighting FolderGuid:963EC3EB4002CCE9759E2EBA541A873A
 |   |   |- Guid:70DF77144706E529140E8A99FA7C7E88 BaseClass:/Game/Blueprints/deathZone.deathZone_C NativeClass:/Script/Engine.Actor Name:deathZone_C_UAID_4CBB58F3DE4AAB4102_2014646231 Label:deathZone SpatiallyLoaded:1 Bounds:IsValid=true, Min=(X=-4472.000 Y=-4896.000 Z=-1032.000), Max=(X=4472.000 Y=4896.000 Z=-968.000) RuntimeGrid:None EditorOnly:0 RuntimeOnly:0 HLODRelevant:0 ListedInSceneOutliner:1 IsMainWorldOnly:0 FolderPath:platforms FolderGuid:AD9341664BABA1317CC39BAFF2E64F86
 |   |   |- Guid:741B7FCA416B4C8FF955D9AE74B1ED62 BaseClass: NativeClass:/Script/Engine.PostProcessVolume Name:PostProcessVolume_0 Label:PostProcessVolume SpatiallyLoaded:0 Bounds:IsValid=true, Min=(X=0.000 Y=0.000 Z=400.000), Max=(X=200.000 Y=200.000 Z=600.000) RuntimeGrid:None EditorOnly:0 RuntimeOnly:0 HLODRelevant:0 ListedInSceneOutliner:1 IsMainWorldOnly:0 FolderPath:Lighting FolderGuid:963EC3EB4002CCE9759E2EBA541A873A
 |   |   |- Guid:750AD96D4158534070D1049CBA116A63 BaseClass: NativeClass:/Script/Engine.VolumetricCloud Name:VolumetricCloud_0 Label:VolumetricCloud SpatiallyLoaded:0 Bounds:IsValid=true, Min=(X=0.000 Y=0.000 Z=820.000), Max=(X=0.000 Y=0.000 Z=820.000) RuntimeGrid:None EditorOnly:0 RuntimeOnly:0 HLODRelevant:0 ListedInSceneOutliner:1 IsMainWorldOnly:0 FolderPath:Lighting FolderGuid:963EC3EB4002CCE9759E2EBA541A873A
 |   |   |- Guid:8A78E0F446F43D155FFC168FD3F9F8E7 BaseClass: NativeClass:/Script/Engine.SkyAtmosphere Name:SkyAtmosphere_0 Label:SkyAtmosphere SpatiallyLoaded:0 Bounds:IsValid=true, Min=(X=0.000 Y=0.000 Z=1020.000), Max=(X=0.000 Y=0.000 Z=1020.000) RuntimeGrid:None EditorOnly:0 RuntimeOnly:0 HLODRelevant:0 ListedInSceneOutliner:1 IsMainWorldOnly:0 FolderPath:Lighting FolderGuid:963EC3EB4002CCE9759E2EBA541A873A
 |   |   |- Guid:C397AF864E3A8294ACFFF9BCC36F805F BaseClass: NativeClass:/Script/Engine.WorldDataLayers Name:WorldDataLayers Label:WorldDataLayers SpatiallyLoaded:0 Bounds:Invalid RuntimeGrid:None EditorOnly:0 RuntimeOnly:0 HLODRelevant:0 ListedInSceneOutliner:1 IsMainWorldOnly:1
 |   |   |- Guid:CA3EEC2341FAC3315329E69F3F7D69CA BaseClass: NativeClass:/Script/Engine.PlayerStart Name:PlayerStart_UAID_4CBB58F3DE4AF84002_1393065727 Label:PlayerStart2 SpatiallyLoaded:0 Bounds:IsValid=true, Min=(X=430.000 Y=1730.000 Z=130.013), Max=(X=510.000 Y=1810.000 Z=314.013) RuntimeGrid:None EditorOnly:0 RuntimeOnly:0 HLODRelevant:0 ListedInSceneOutliner:1 IsMainWorldOnly:0 FolderPath:level01 FolderGuid:AD9341664BABA1317CC39BAFF2E64F86
 |   |   |- Guid:CB510475444FA8C82E5F87B3199D84A3 BaseClass: NativeClass:/Script/Engine.SkyLight Name:SkyLight_1 Label:SkyLight SpatiallyLoaded:0 Bounds:IsValid=true, Min=(X=0.000 Y=0.000 Z=690.000), Max=(X=0.000 Y=0.000 Z=690.000) RuntimeGrid:None EditorOnly:0 RuntimeOnly:0 HLODRelevant:0 ListedInSceneOutliner:1 IsMainWorldOnly:0 FolderPath:Lighting FolderGuid:963EC3EB4002CCE9759E2EBA541A873A
 |   |   |- Guid:E6276F114E092FCC6BD1C38B0747783A BaseClass: NativeClass:/Script/Engine.StaticMeshActor Name:StaticMeshActor_UAID_A4AE111137DC5EFB00_1110535423 Label:SM_SkySphere SpatiallyLoaded:0 Bounds:IsValid=true, Min=(X=-1761280.000 Y=-1695744.000 Z=-1638400.000), Max=(X=1761280.000 Y=1695744.000 Z=1638400.000) RuntimeGrid:None EditorOnly:0 RuntimeOnly:0 HLODRelevant:0 ListedInSceneOutliner:1 IsMainWorldOnly:0 FolderPath:Lighting FolderGuid:963EC3EB4002CCE9759E2EBA541A873A
 |   |   |- Guid:EEBC9CBB4BEE1A550B625EAE1C70F701 BaseClass: NativeClass:/Script/Engine.PlayerStart Name:PlayerStart_0 Label:PlayerStart SpatiallyLoaded:0 Bounds:IsValid=true, Min=(X=410.000 Y=-630.000 Z=10.013), Max=(X=490.000 Y=-550.000 Z=194.013) RuntimeGrid:None EditorOnly:0 RuntimeOnly:0 HLODRelevant:0 ListedInSceneOutliner:1 IsMainWorldOnly:0 FolderPath:level01 FolderGuid:AD9341664BABA1317CC39BAFF2E64F86
 |   |   |- Guid:F89B82864FAF2F819F81538C0D490A4F BaseClass: NativeClass:/Script/Engine.StaticMeshActor Name:StaticMeshActor_UAID_4CBB58F3DE4AAA4102_1662135055 Label:spawn_platform02 SpatiallyLoaded:1 Bounds:IsValid=true, Min=(X=0.000 Y=-1740.000 Z=-50.000), Max=(X=900.000 Y=2660.000 Z=0.000) RuntimeGrid:None EditorOnly:0 RuntimeOnly:0 HLODRelevant:1 ListedInSceneOutliner:1 IsMainWorldOnly:0 FolderPath:platforms FolderGuid:AD9341664BABA1317CC39BAFF2E64F86
 |   |- [+] Clusters:
 |   |   |- [+] [  0]
 |   |   |   |- Guid:2AA42EF3405CC6A8A6974BBA0C380472 BaseClass: NativeClass:/Script/Engine.ExponentialHeightFog Name:ExponentialHeightFog_0 Label:ExponentialHeightFog SpatiallyLoaded:0 Bounds:IsValid=true, Min=(X=-5600.000 Y=-50.000 Z=-6850.000), Max=(X=-5600.000 Y=-50.000 Z=-6850.000) RuntimeGrid:None EditorOnly:0 RuntimeOnly:0 HLODRelevant:0 ListedInSceneOutliner:1 IsMainWorldOnly:0 FolderPath:Lighting FolderGuid:963EC3EB4002CCE9759E2EBA541A873A
 |   |   |- [+] [  1]
 |   |   |   |- Guid:69252EF043A1AC22581C22B38923955B BaseClass: NativeClass:/Script/Engine.DirectionalLight Name:DirectionalLight_0 Label:DirectionalLight SpatiallyLoaded:0 Bounds:Invalid RuntimeGrid:None EditorOnly:0 RuntimeOnly:0 HLODRelevant:0 ListedInSceneOutliner:1 IsMainWorldOnly:0 FolderPath:Lighting FolderGuid:963EC3EB4002CCE9759E2EBA541A873A
 |   |   |- [+] [  2]
 |   |   |   |- Guid:70DF77144706E529140E8A99FA7C7E88 BaseClass:/Game/Blueprints/deathZone.deathZone_C NativeClass:/Script/Engine.Actor Name:deathZone_C_UAID_4CBB58F3DE4AAB4102_2014646231 Label:deathZone SpatiallyLoaded:1 Bounds:IsValid=true, Min=(X=-4472.000 Y=-4896.000 Z=-1032.000), Max=(X=4472.000 Y=4896.000 Z=-968.000) RuntimeGrid:None EditorOnly:0 RuntimeOnly:0 HLODRelevant:0 ListedInSceneOutliner:1 IsMainWorldOnly:0 FolderPath:platforms FolderGuid:AD9341664BABA1317CC39BAFF2E64F86
 |   |   |- [+] [  3]
 |   |   |   |- Guid:741B7FCA416B4C8FF955D9AE74B1ED62 BaseClass: NativeClass:/Script/Engine.PostProcessVolume Name:PostProcessVolume_0 Label:PostProcessVolume SpatiallyLoaded:0 Bounds:IsValid=true, Min=(X=0.000 Y=0.000 Z=400.000), Max=(X=200.000 Y=200.000 Z=600.000) RuntimeGrid:None EditorOnly:0 RuntimeOnly:0 HLODRelevant:0 ListedInSceneOutliner:1 IsMainWorldOnly:0 FolderPath:Lighting FolderGuid:963EC3EB4002CCE9759E2EBA541A873A
 |   |   |- [+] [  4]
 |   |   |   |- Guid:750AD96D4158534070D1049CBA116A63 BaseClass: NativeClass:/Script/Engine.VolumetricCloud Name:VolumetricCloud_0 Label:VolumetricCloud SpatiallyLoaded:0 Bounds:IsValid=true, Min=(X=0.000 Y=0.000 Z=820.000), Max=(X=0.000 Y=0.000 Z=820.000) RuntimeGrid:None EditorOnly:0 RuntimeOnly:0 HLODRelevant:0 ListedInSceneOutliner:1 IsMainWorldOnly:0 FolderPath:Lighting FolderGuid:963EC3EB4002CCE9759E2EBA541A873A
 |   |   |- [+] [  5]
 |   |   |   |- Guid:8A78E0F446F43D155FFC168FD3F9F8E7 BaseClass: NativeClass:/Script/Engine.SkyAtmosphere Name:SkyAtmosphere_0 Label:SkyAtmosphere SpatiallyLoaded:0 Bounds:IsValid=true, Min=(X=0.000 Y=0.000 Z=1020.000), Max=(X=0.000 Y=0.000 Z=1020.000) RuntimeGrid:None EditorOnly:0 RuntimeOnly:0 HLODRelevant:0 ListedInSceneOutliner:1 IsMainWorldOnly:0 FolderPath:Lighting FolderGuid:963EC3EB4002CCE9759E2EBA541A873A
 |   |   |- [+] [  6]
 |   |   |   |- Guid:C397AF864E3A8294ACFFF9BCC36F805F BaseClass: NativeClass:/Script/Engine.WorldDataLayers Name:WorldDataLayers Label:WorldDataLayers SpatiallyLoaded:0 Bounds:Invalid RuntimeGrid:None EditorOnly:0 RuntimeOnly:0 HLODRelevant:0 ListedInSceneOutliner:1 IsMainWorldOnly:1
 |   |   |- [+] [  7]
 |   |   |   |- Guid:CA3EEC2341FAC3315329E69F3F7D69CA BaseClass: NativeClass:/Script/Engine.PlayerStart Name:PlayerStart_UAID_4CBB58F3DE4AF84002_1393065727 Label:PlayerStart2 SpatiallyLoaded:0 Bounds:IsValid=true, Min=(X=430.000 Y=1730.000 Z=130.013), Max=(X=510.000 Y=1810.000 Z=314.013) RuntimeGrid:None EditorOnly:0 RuntimeOnly:0 HLODRelevant:0 ListedInSceneOutliner:1 IsMainWorldOnly:0 FolderPath:level01 FolderGuid:AD9341664BABA1317CC39BAFF2E64F86
 |   |   |- [+] [  8]
 |   |   |   |- Guid:CB510475444FA8C82E5F87B3199D84A3 BaseClass: NativeClass:/Script/Engine.SkyLight Name:SkyLight_1 Label:SkyLight SpatiallyLoaded:0 Bounds:IsValid=true, Min=(X=0.000 Y=0.000 Z=690.000), Max=(X=0.000 Y=0.000 Z=690.000) RuntimeGrid:None EditorOnly:0 RuntimeOnly:0 HLODRelevant:0 ListedInSceneOutliner:1 IsMainWorldOnly:0 FolderPath:Lighting FolderGuid:963EC3EB4002CCE9759E2EBA541A873A
 |   |   |- [+] [  9]
 |   |   |   |- Guid:E6276F114E092FCC6BD1C38B0747783A BaseClass: NativeClass:/Script/Engine.StaticMeshActor Name:StaticMeshActor_UAID_A4AE111137DC5EFB00_1110535423 Label:SM_SkySphere SpatiallyLoaded:0 Bounds:IsValid=true, Min=(X=-1761280.000 Y=-1695744.000 Z=-1638400.000), Max=(X=1761280.000 Y=1695744.000 Z=1638400.000) RuntimeGrid:None EditorOnly:0 RuntimeOnly:0 HLODRelevant:0 ListedInSceneOutliner:1 IsMainWorldOnly:0 FolderPath:Lighting FolderGuid:963EC3EB4002CCE9759E2EBA541A873A
 |   |   |- [+] [ 10]
 |   |   |   |- Guid:EEBC9CBB4BEE1A550B625EAE1C70F701 BaseClass: NativeClass:/Script/Engine.PlayerStart Name:PlayerStart_0 Label:PlayerStart SpatiallyLoaded:0 Bounds:IsValid=true, Min=(X=410.000 Y=-630.000 Z=10.013), Max=(X=490.000 Y=-550.000 Z=194.013) RuntimeGrid:None EditorOnly:0 RuntimeOnly:0 HLODRelevant:0 ListedInSceneOutliner:1 IsMainWorldOnly:0 FolderPath:level01 FolderGuid:AD9341664BABA1317CC39BAFF2E64F86
 |   |   |- [+] [ 11]
 |   |   |   |- Guid:F89B82864FAF2F819F81538C0D490A4F BaseClass: NativeClass:/Script/Engine.StaticMeshActor Name:StaticMeshActor_UAID_4CBB58F3DE4AAA4102_1662135055 Label:spawn_platform02 SpatiallyLoaded:1 Bounds:IsValid=true, Min=(X=0.000 Y=-1740.000 Z=-50.000), Max=(X=900.000 Y=2660.000 Z=0.000) RuntimeGrid:None EditorOnly:0 RuntimeOnly:0 HLODRelevant:1 ListedInSceneOutliner:1 IsMainWorldOnly:0 FolderPath:platforms FolderGuid:AD9341664BABA1317CC39BAFF2E64F86
 |- ContainerInstances:
 |- [+] MainContainer:
 |   |-        ID: 00000000000000000000000000000000
 |   |-  ParentID: 00000000000000000000000000000000
 |   |-    Bounds: IsValid=false, Min=(X=0.000 Y=0.000 Z=0.000), Max=(X=0.000 Y=0.000 Z=0.000)
 |   |- Transform: 0.000000,0.000000,0.000000|0.000000,0.000000,-0.000000|1.000000,1.000000,1.000000
 |   |- Container: /Game/maps/lobby
----------------------------------------------------------------------------------------------------------------
lobby - Persistent Level
----------------------------------------------------------------------------------------------------------------
[+] Content of lobby Persistent Level
 |- Always loaded Actor Count: 11 
 |- Actor Path: /Game/maps/lobby.lobby:PersistentLevel.deathZone_C_UAID_4CBB58F3DE4AAB4102_2014646231
 |- Actor Package: /Game/__ExternalActors__/maps/lobby/A/ER/S3HFQ4JAJALEIRCFJ5NXTK
 |- Actor Path: /Game/maps/lobby.lobby:PersistentLevel.DirectionalLight_0
 |- Actor Package: /Game/__ExternalActors__/maps/lobby/B/DP/LBLDRR34NNDZDMXRO08P51
 |- Actor Path: /Game/maps/lobby.lobby:PersistentLevel.ExponentialHeightFog_0
 |- Actor Package: /Game/__ExternalActors__/maps/lobby/0/CD/C9PD7OV3H1SCKIN35ZBZRW
 |- Actor Path: /Game/maps/lobby.lobby:PersistentLevel.PlayerStart_0
 |- Actor Package: /Game/__ExternalActors__/maps/lobby/6/Z2/0OADOPJOS3AEC1IFLLFS64
 |- Actor Path: /Game/maps/lobby.lobby:PersistentLevel.PlayerStart_UAID_4CBB58F3DE4AF84002_1393065727
 |- Actor Package: /Game/__ExternalActors__/maps/lobby/5/GA/0O1NR84ZOIJ7WMF6WQBLI9
 |- Actor Path: /Game/maps/lobby.lobby:PersistentLevel.PostProcessVolume_0
 |- Actor Package: /Game/__ExternalActors__/maps/lobby/C/CH/IVVX9WDHSEF45M3KMJ296V
 |- Actor Path: /Game/maps/lobby.lobby:PersistentLevel.SkyAtmosphere_0
 |- Actor Package: /Game/__ExternalActors__/maps/lobby/5/W4/WG8XTTZNUJ36OABY6TDLST
 |- Actor Path: /Game/maps/lobby.lobby:PersistentLevel.SkyLight_1
 |- Actor Package: /Game/__ExternalActors__/maps/lobby/5/3N/M9WCCRLFFUC4YRMVMNWVZU
 |- Actor Path: /Game/maps/lobby.lobby:PersistentLevel.StaticMeshActor_UAID_4CBB58F3DE4AAA4102_1662135055
 |- Actor Package: /Game/__ExternalActors__/maps/lobby/1/HQ/RBSIB96FXEJBA3SP3S5GNS
 |- Actor Path: /Game/maps/lobby.lobby:PersistentLevel.StaticMeshActor_UAID_A4AE111137DC5EFB00_1110535423
 |- Actor Package: /Game/__ExternalActors__/maps/lobby/5/C5/VQD92PDYDCY235HSX1IREG
 |- Actor Path: /Game/maps/lobby.lobby:PersistentLevel.VolumetricCloud_0
 |- Actor Package: /Game/__ExternalActors__/maps/lobby/4/EU/ICJ28H16EKDHGP4U0DC2LA

----------------------------------------------------------------------------------------------------------------
lobby - Runtime Hash Set
----------------------------------------------------------------------------------------------------------------

